<?xml version="1.0" encoding="UTF-8"?>
<!-- Generated by org.testng.reporters.JUnitReportReporter -->
<testsuite hostname="Thomas" failures="0" tests="1" name="com.applab.test.MoCIMobileApp.testScripts.android.LoginTest" time="19.413" errors="0" timestamp="2023-05-07T14:23:23 AST" skipped="0">
  <testcase classname="com.applab.test.MoCIMobileApp.testScripts.android.LoginTest" name="login" time="19.413"/>
  <system-out/>
</testsuite> <!-- com.applab.test.MoCIMobileApp.testScripts.android.LoginTest -->
